<?xml version="1.0" encoding="UTF-8"?>
<testng-results ignored="0" total="2" passed="2" failed="0" skipped="0">
  <reporter-output>
  </reporter-output>
  <suite started-at="2022-12-16T23:59:11 BDT" name="Default suite" finished-at="2022-12-16T23:59:40 BDT" duration-ms="29063">
    <groups>
    </groups>
    <test started-at="2022-12-16T23:59:11 BDT" name="Default test" finished-at="2022-12-16T23:59:40 BDT" duration-ms="29063">
      <class name="sunny.bd.automationexam.Hover">
        <test-method is-config="true" signature="start()[pri:0, instance:sunny.bd.automationexam.Hover@2a3b5b47]" started-at="2022-12-16T23:59:07 BDT" name="start" finished-at="2022-12-16T23:59:11 BDT" duration-ms="4166" status="PASS">
          <reporter-output>
          </reporter-output>
        </test-method> <!-- start -->
        <test-method signature="startWebsite()[pri:0, instance:sunny.bd.automationexam.Hover@2a3b5b47]" started-at="2022-12-16T23:59:11 BDT" name="startWebsite" finished-at="2022-12-16T23:59:25 BDT" duration-ms="13442" status="PASS">
          <reporter-output>
          </reporter-output>
        </test-method> <!-- startWebsite -->
        <test-method signature="hover()[pri:1, instance:sunny.bd.automationexam.Hover@2a3b5b47]" started-at="2022-12-16T23:59:25 BDT" name="hover" finished-at="2022-12-16T23:59:40 BDT" duration-ms="15554" status="PASS">
          <reporter-output>
          </reporter-output>
        </test-method> <!-- hover -->
        <test-method is-config="true" signature="end()[pri:0, instance:sunny.bd.automationexam.Hover@2a3b5b47]" started-at="2022-12-16T23:59:40 BDT" name="end" finished-at="2022-12-16T23:59:41 BDT" duration-ms="402" status="PASS">
          <reporter-output>
          </reporter-output>
        </test-method> <!-- end -->
      </class> <!-- sunny.bd.automationexam.Hover -->
    </test> <!-- Default test -->
  </suite> <!-- Default suite -->
</testng-results>
