<?xml version="1.0" encoding="UTF-8"?>
<testng-results ignored="0" total="2" passed="2" failed="0" skipped="0">
  <reporter-output>
  </reporter-output>
  <suite started-at="2022-12-16T22:14:16 BDT" name="Default suite" finished-at="2022-12-16T22:14:32 BDT" duration-ms="15594">
    <groups>
    </groups>
    <test started-at="2022-12-16T22:14:16 BDT" name="Default test" finished-at="2022-12-16T22:14:32 BDT" duration-ms="15594">
      <class name="sunny.bd.automationexam.IdLocatorExam">
        <test-method is-config="true" signature="start()[pri:0, instance:sunny.bd.automationexam.IdLocatorExam@2a3b5b47]" started-at="2022-12-16T22:14:12 BDT" name="start" finished-at="2022-12-16T22:14:16 BDT" duration-ms="3918" status="PASS">
          <reporter-output>
          </reporter-output>
        </test-method> <!-- start -->
        <test-method signature="startWebsite()[pri:0, instance:sunny.bd.automationexam.IdLocatorExam@2a3b5b47]" started-at="2022-12-16T22:14:16 BDT" name="startWebsite" finished-at="2022-12-16T22:14:21 BDT" duration-ms="4698" status="PASS">
          <reporter-output>
          </reporter-output>
        </test-method> <!-- startWebsite -->
        <test-method signature="formId()[pri:1, instance:sunny.bd.automationexam.IdLocatorExam@2a3b5b47]" started-at="2022-12-16T22:14:21 BDT" name="formId" finished-at="2022-12-16T22:14:32 BDT" duration-ms="10815" status="PASS">
          <reporter-output>
          </reporter-output>
        </test-method> <!-- formId -->
        <test-method is-config="true" signature="end()[pri:0, instance:sunny.bd.automationexam.IdLocatorExam@2a3b5b47]" started-at="2022-12-16T22:14:32 BDT" name="end" finished-at="2022-12-16T22:14:32 BDT" duration-ms="662" status="PASS">
          <reporter-output>
          </reporter-output>
        </test-method> <!-- end -->
      </class> <!-- sunny.bd.automationexam.IdLocatorExam -->
    </test> <!-- Default test -->
  </suite> <!-- Default suite -->
</testng-results>
